<?xml version="1.0" encoding="UTF-8"?>
<testng-results skipped="0" failed="0" ignored="0" total="2" passed="2">
  <reporter-output>
  </reporter-output>
  <suite name="Default suite" duration-ms="54194" started-at="2019-09-30T22:07:37 PDT" finished-at="2019-09-30T22:08:31 PDT">
    <groups>
    </groups>
    <test name="Default test" duration-ms="54194" started-at="2019-09-30T22:07:37 PDT" finished-at="2019-09-30T22:08:31 PDT">
      <class name="com.Salesforce.qa.testcases.LoginPageTest">
        <test-method status="PASS" signature="setUp()[pri:0, instance:com.Salesforce.qa.testcases.LoginPageTest@711f39f9]" name="setUp" is-config="true" duration-ms="17148" started-at="2019-09-30T22:07:37 PDT" finished-at="2019-09-30T22:07:54 PDT">
          <reporter-output>
          </reporter-output>
        </test-method> <!-- setUp -->
        <test-method status="PASS" signature="login()[pri:1, instance:com.Salesforce.qa.testcases.LoginPageTest@711f39f9]" name="login" duration-ms="1932" started-at="2019-09-30T22:07:54 PDT" finished-at="2019-09-30T22:07:56 PDT">
          <reporter-output>
          </reporter-output>
        </test-method> <!-- login -->
        <test-method status="PASS" signature="tearDown()[pri:0, instance:com.Salesforce.qa.testcases.LoginPageTest@711f39f9]" name="tearDown" is-config="true" duration-ms="4803" started-at="2019-09-30T22:07:56 PDT" finished-at="2019-09-30T22:08:01 PDT">
          <reporter-output>
          </reporter-output>
        </test-method> <!-- tearDown -->
        <test-method status="PASS" signature="setUp()[pri:0, instance:com.Salesforce.qa.testcases.LoginPageTest@711f39f9]" name="setUp" is-config="true" duration-ms="11735" started-at="2019-09-30T22:08:01 PDT" finished-at="2019-09-30T22:08:12 PDT">
          <reporter-output>
          </reporter-output>
        </test-method> <!-- setUp -->
        <test-method status="PASS" signature="rememberMe()[pri:5, instance:com.Salesforce.qa.testcases.LoginPageTest@711f39f9]" name="rememberMe" duration-ms="5124" started-at="2019-09-30T22:08:12 PDT" finished-at="2019-09-30T22:08:17 PDT">
          <reporter-output>
          </reporter-output>
        </test-method> <!-- rememberMe -->
        <test-method status="PASS" signature="tearDown()[pri:0, instance:com.Salesforce.qa.testcases.LoginPageTest@711f39f9]" name="tearDown" is-config="true" duration-ms="13388" started-at="2019-09-30T22:08:17 PDT" finished-at="2019-09-30T22:08:31 PDT">
          <reporter-output>
          </reporter-output>
        </test-method> <!-- tearDown -->
      </class> <!-- com.Salesforce.qa.testcases.LoginPageTest -->
    </test> <!-- Default test -->
  </suite> <!-- Default suite -->
</testng-results>
